Mono runtime detected.
Operating system: Microsoft Windows NT 6.1.7601.65536
Opening INI file "C:\users\e\Desktop\Projects\RegularSonic1\SonPLN.ini"...
Game type is S1.
Loading Title Card  Font...
Loading plane mappings from file "tilemaps/SS Background 2.bin", using compression Enigma...
Loading palette file "palette/Sonic.bin"...
Source: 32 Destination: 0 Length: 16
Loading 8x8 tiles from file "artnem/Title Cards.bin", using compression Nemesis...
System.AggregateException: One or more errors occurred. (Index was outside the bounds of the array.) ---> System.IndexOutOfRangeException: Index was outside the bounds of the array.
  at SonicRetro.SonLVL.SonPLN.MainForm.LoadLevelPalette () [0x001d1] in <1ff32fbb2cfa48c8b5a844f9eacf6c71>:0 
  at System.Threading.Tasks.Task.InnerInvoke () [0x0000f] in <e70d6e9587d64cb3abb4b3f99bbf5a0d>:0 
  at System.Threading.Tasks.Task.Execute () [0x00000] in <e70d6e9587d64cb3abb4b3f99bbf5a0d>:0 
   --- End of inner exception stack trace ---
  at System.Threading.Tasks.Task.WaitAll (System.Threading.Tasks.Task[] tasks, System.Int32 millisecondsTimeout, System.Threading.CancellationToken cancellationToken) [0x001c8] in <e70d6e9587d64cb3abb4b3f99bbf5a0d>:0 
  at System.Threading.Tasks.Task.WaitAll (System.Threading.Tasks.Task[] tasks, System.Int32 millisecondsTimeout) [0x00000] in <e70d6e9587d64cb3abb4b3f99bbf5a0d>:0 
  at System.Threading.Tasks.Task.WaitAll (System.Threading.Tasks.Task[] tasks) [0x00000] in <e70d6e9587d64cb3abb4b3f99bbf5a0d>:0 
  at System.Threading.Tasks.Parallel.Invoke (System.Threading.Tasks.ParallelOptions parallelOptions, System.Action[] actions) [0x0029c] in <e70d6e9587d64cb3abb4b3f99bbf5a0d>:0 
--- End of stack trace from previous location where exception was thrown ---

  at System.Threading.Tasks.Parallel.ThrowSingleCancellationExceptionOrOtherException (System.Collections.ICollection exceptions, System.Threading.CancellationToken cancelToken, System.Exception otherException) [0x0000b] in <e70d6e9587d64cb3abb4b3f99bbf5a0d>:0 
  at System.Threading.Tasks.Parallel.Invoke (System.Threading.Tasks.ParallelOptions parallelOptions, System.Action[] actions) [0x002b9] in <e70d6e9587d64cb3abb4b3f99bbf5a0d>:0 
  at System.Threading.Tasks.Parallel.Invoke (System.Action[] actions) [0x00000] in <e70d6e9587d64cb3abb4b3f99bbf5a0d>:0 
  at SonicRetro.SonLVL.SonPLN.MainForm.backgroundLevelLoader_DoWork (System.Object sender, System.ComponentModel.DoWorkEventArgs e) [0x00029] in <1ff32fbb2cfa48c8b5a844f9eacf6c71>:0 
---> (Inner Exception #0) System.IndexOutOfRangeException: Index was outside the bounds of the array.
  at SonicRetro.SonLVL.SonPLN.MainForm.LoadLevelPalette () [0x001d1] in <1ff32fbb2cfa48c8b5a844f9eacf6c71>:0 
  at System.Threading.Tasks.Task.InnerInvoke () [0x0000f] in <e70d6e9587d64cb3abb4b3f99bbf5a0d>:0 
  at System.Threading.Tasks.Task.Execute () [0x00000] in <e70d6e9587d64cb3abb4b3f99bbf5a0d>:0 <---

Opening INI file "C:\users\e\Desktop\Projects\RegularSonic1\SonPLN.ini"...
Game type is S1.
Loading Title Screen...
Loading plane mappings from file "tilemaps/Title Screen.bin", using compression Enigma...
Loading dummy tile data.
Loading 8x8 tiles from file "artnem/Title Screen Foreground.bin", using compression Nemesis...
Loading palette file "palette/Title Screen.bin"...
Source: 0 Destination: 0 Length: 16
Load completed.
System.ArgumentOutOfRangeException: Value of '614' is not valid for 'Value'. 'Value' should be between 'Minimum' and '{nameof(Maximum)}'.
Parameter name: value
  at System.Windows.Forms.ScrollBar.set_Value (System.Int32 value) [0x00062] in <5733f93bb22240d29f87471942e9a982>:0 
  at (wrapper remoting-invoke-with-check) System.Windows.Forms.ScrollBar.set_Value(int)
  at SonicRetro.SonLVL.API.TileList.ScrollToSelected () [0x00118] in <d6d1340adecc473084bdcfb678b18efc>:0 
  at SonicRetro.SonLVL.API.TileList.set_SelectedIndex (System.Int32 value) [0x00000] in <d6d1340adecc473084bdcfb678b18efc>:0 
  at (wrapper remoting-invoke-with-check) SonicRetro.SonLVL.API.TileList.set_SelectedIndex(int)
  at SonicRetro.SonLVL.SonPLN.MainForm.removeDuplicateTilesToolStripButton_Click (System.Object sender, System.EventArgs e) [0x00270] in <1ff32fbb2cfa48c8b5a844f9eacf6c71>:0 
  at System.Windows.Forms.ToolStripItem.RaiseEvent (System.Object key, System.EventArgs e) [0x0001b] in <5733f93bb22240d29f87471942e9a982>:0 
  at System.Windows.Forms.ToolStripItem.OnClick (System.EventArgs e) [0x00001] in <5733f93bb22240d29f87471942e9a982>:0 
  at System.Windows.Forms.ToolStripButton.OnClick (System.EventArgs e) [0x0001d] in <5733f93bb22240d29f87471942e9a982>:0 
  at System.Windows.Forms.ToolStripItem.HandleClick (System.EventArgs e) [0x00051] in <5733f93bb22240d29f87471942e9a982>:0 
  at System.Windows.Forms.ToolStripItem.HandleMouseUp (System.Windows.Forms.MouseEventArgs e) [0x000fd] in <5733f93bb22240d29f87471942e9a982>:0 
  at System.Windows.Forms.ToolStripItem.FireEventInteractive (System.EventArgs e, System.Windows.Forms.ToolStripItemEventType met) [0x00053] in <5733f93bb22240d29f87471942e9a982>:0 
  at System.Windows.Forms.ToolStripItem.FireEvent (System.EventArgs e, System.Windows.Forms.ToolStripItemEventType met) [0x00103] in <5733f93bb22240d29f87471942e9a982>:0 
  at (wrapper remoting-invoke-with-check) System.Windows.Forms.ToolStripItem.FireEvent(System.EventArgs,System.Windows.Forms.ToolStripItemEventType)
  at System.Windows.Forms.ToolStrip.OnMouseUp (System.Windows.Forms.MouseEventArgs mea) [0x0007d] in <5733f93bb22240d29f87471942e9a982>:0 
  at System.Windows.Forms.Control.WmMouseUp (System.Windows.Forms.Message& m, System.Windows.Forms.MouseButtons button, System.Int32 clicks) [0x001c3] in <5733f93bb22240d29f87471942e9a982>:0 
  at System.Windows.Forms.Control.WndProc (System.Windows.Forms.Message& m) [0x005a0] in <5733f93bb22240d29f87471942e9a982>:0 
  at System.Windows.Forms.ScrollableControl.WndProc (System.Windows.Forms.Message& m) [0x00043] in <5733f93bb22240d29f87471942e9a982>:0 
  at System.Windows.Forms.ToolStrip.WndProc (System.Windows.Forms.Message& m) [0x00128] in <5733f93bb22240d29f87471942e9a982>:0 
  at System.Windows.Forms.Control+ControlNativeWindow.OnMessage (System.Windows.Forms.Message& m) [0x00001] in <5733f93bb22240d29f87471942e9a982>:0 
  at System.Windows.Forms.Control+ControlNativeWindow.WndProc (System.Windows.Forms.Message& m) [0x000b3] in <5733f93bb22240d29f87471942e9a982>:0 
  at System.Windows.Forms.NativeWindow.Callback (System.Windows.Forms.Message& m) [0x00025] in <5733f93bb22240d29f87471942e9a982>:0 
System.ArgumentOutOfRangeException: Value of '614' is not valid for 'Value'. 'Value' should be between 'Minimum' and '{nameof(Maximum)}'.
Parameter name: value
  at System.Windows.Forms.ScrollBar.set_Value (System.Int32 value) [0x00062] in <5733f93bb22240d29f87471942e9a982>:0 
  at (wrapper remoting-invoke-with-check) System.Windows.Forms.ScrollBar.set_Value(int)
  at SonicRetro.SonLVL.API.TileList.ScrollToSelected () [0x00118] in <d6d1340adecc473084bdcfb678b18efc>:0 
  at SonicRetro.SonLVL.API.TileList.set_SelectedIndex (System.Int32 value) [0x00000] in <d6d1340adecc473084bdcfb678b18efc>:0 
  at (wrapper remoting-invoke-with-check) SonicRetro.SonLVL.API.TileList.set_SelectedIndex(int)
  at SonicRetro.SonLVL.SonPLN.MainForm.TileID_ValueChanged (System.Object sender, System.EventArgs e) [0x00016] in <1ff32fbb2cfa48c8b5a844f9eacf6c71>:0 
  at System.Windows.Forms.NumericUpDown.OnValueChanged (System.EventArgs e) [0x0000f] in <5733f93bb22240d29f87471942e9a982>:0 
  at System.Windows.Forms.NumericUpDown.set_Value (System.Decimal value) [0x0008c] in <5733f93bb22240d29f87471942e9a982>:0 
  at System.Windows.Forms.NumericUpDown.set_Maximum (System.Decimal value) [0x00038] in <5733f93bb22240d29f87471942e9a982>:0 
  at (wrapper remoting-invoke-with-check) System.Windows.Forms.NumericUpDown.set_Maximum(System.Decimal)
  at SonicRetro.SonLVL.SonPLN.MainForm.deleteUnusedTilesToolStripButton_Click (System.Object sender, System.EventArgs e) [0x00187] in <1ff32fbb2cfa48c8b5a844f9eacf6c71>:0 
  at System.Windows.Forms.ToolStripItem.RaiseEvent (System.Object key, System.EventArgs e) [0x0001b] in <5733f93bb22240d29f87471942e9a982>:0 
  at System.Windows.Forms.ToolStripItem.OnClick (System.EventArgs e) [0x00001] in <5733f93bb22240d29f87471942e9a982>:0 
  at System.Windows.Forms.ToolStripButton.OnClick (System.EventArgs e) [0x0001d] in <5733f93bb22240d29f87471942e9a982>:0 
  at System.Windows.Forms.ToolStripItem.HandleClick (System.EventArgs e) [0x00051] in <5733f93bb22240d29f87471942e9a982>:0 
  at System.Windows.Forms.ToolStripItem.HandleMouseUp (System.Windows.Forms.MouseEventArgs e) [0x000fd] in <5733f93bb22240d29f87471942e9a982>:0 
  at System.Windows.Forms.ToolStripItem.FireEventInteractive (System.EventArgs e, System.Windows.Forms.ToolStripItemEventType met) [0x00053] in <5733f93bb22240d29f87471942e9a982>:0 
  at System.Windows.Forms.ToolStripItem.FireEvent (System.EventArgs e, System.Windows.Forms.ToolStripItemEventType met) [0x00103] in <5733f93bb22240d29f87471942e9a982>:0 
  at (wrapper remoting-invoke-with-check) System.Windows.Forms.ToolStripItem.FireEvent(System.EventArgs,System.Windows.Forms.ToolStripItemEventType)
  at System.Windows.Forms.ToolStrip.OnMouseUp (System.Windows.Forms.MouseEventArgs mea) [0x0007d] in <5733f93bb22240d29f87471942e9a982>:0 
  at System.Windows.Forms.Control.WmMouseUp (System.Windows.Forms.Message& m, System.Windows.Forms.MouseButtons button, System.Int32 clicks) [0x001c3] in <5733f93bb22240d29f87471942e9a982>:0 
  at System.Windows.Forms.Control.WndProc (System.Windows.Forms.Message& m) [0x005a0] in <5733f93bb22240d29f87471942e9a982>:0 
  at System.Windows.Forms.ScrollableControl.WndProc (System.Windows.Forms.Message& m) [0x00043] in <5733f93bb22240d29f87471942e9a982>:0 
  at System.Windows.Forms.ToolStrip.WndProc (System.Windows.Forms.Message& m) [0x00128] in <5733f93bb22240d29f87471942e9a982>:0 
  at System.Windows.Forms.Control+ControlNativeWindow.OnMessage (System.Windows.Forms.Message& m) [0x00001] in <5733f93bb22240d29f87471942e9a982>:0 
  at System.Windows.Forms.Control+ControlNativeWindow.WndProc (System.Windows.Forms.Message& m) [0x000b3] in <5733f93bb22240d29f87471942e9a982>:0 
  at System.Windows.Forms.NativeWindow.Callback (System.Windows.Forms.Message& m) [0x00025] in <5733f93bb22240d29f87471942e9a982>:0 
